d:\school\howest\2de_jaar\graphics_programming\2020-2021\students\edeherdt\exam\source\tempfiles\release\directx.pch
d:\school\howest\2de_jaar\graphics_programming\2020-2021\students\edeherdt\exam\source\tempfiles\release\vc142.pdb
d:\school\howest\2de_jaar\graphics_programming\2020-2021\students\edeherdt\exam\source\tempfiles\release\pch.obj
d:\school\howest\2de_jaar\graphics_programming\2020-2021\students\edeherdt\exam\source\tempfiles\release\texture.obj
d:\school\howest\2de_jaar\graphics_programming\2020-2021\students\edeherdt\exam\source\tempfiles\release\scenegraph.obj
d:\school\howest\2de_jaar\graphics_programming\2020-2021\students\edeherdt\exam\source\tempfiles\release\objparser.obj
d:\school\howest\2de_jaar\graphics_programming\2020-2021\students\edeherdt\exam\source\tempfiles\release\mesh.obj
d:\school\howest\2de_jaar\graphics_programming\2020-2021\students\edeherdt\exam\source\tempfiles\release\main.obj
d:\school\howest\2de_jaar\graphics_programming\2020-2021\students\edeherdt\exam\source\tempfiles\release\etimer.obj
d:\school\howest\2de_jaar\graphics_programming\2020-2021\students\edeherdt\exam\source\tempfiles\release\erenderer.obj
d:\school\howest\2de_jaar\graphics_programming\2020-2021\students\edeherdt\exam\source\tempfiles\release\materialeffect.obj
d:\school\howest\2de_jaar\graphics_programming\2020-2021\students\edeherdt\exam\source\tempfiles\release\flateffect.obj
d:\school\howest\2de_jaar\graphics_programming\2020-2021\students\edeherdt\exam\source\tempfiles\release\effectmanager.obj
d:\school\howest\2de_jaar\graphics_programming\2020-2021\students\edeherdt\exam\source\tempfiles\release\cameramanager.obj
d:\school\howest\2de_jaar\graphics_programming\2020-2021\students\edeherdt\exam\source\tempfiles\release\camera.obj
d:\school\howest\2de_jaar\graphics_programming\2020-2021\students\edeherdt\exam\source\tempfiles\release\baseeffect.obj
d:\school\howest\2de_jaar\graphics_programming\2020-2021\students\edeherdt\exam\bin\release\directx.ipdb
d:\school\howest\2de_jaar\graphics_programming\2020-2021\students\edeherdt\exam\bin\release\directx.iobj
d:\school\howest\2de_jaar\graphics_programming\2020-2021\students\edeherdt\exam\bin\release\directx.exe
d:\school\howest\2de_jaar\graphics_programming\2020-2021\students\edeherdt\exam\bin\release\directx.pdb
d:\school\howest\2de_jaar\graphics_programming\2020-2021\students\edeherdt\exam\source\..\bin\release\directx.pdb
d:\school\howest\2de_jaar\graphics_programming\2020-2021\students\edeherdt\exam\source\tempfiles\release\directx.tlog\cl.command.1.tlog
d:\school\howest\2de_jaar\graphics_programming\2020-2021\students\edeherdt\exam\source\tempfiles\release\directx.tlog\cl.read.1.tlog
d:\school\howest\2de_jaar\graphics_programming\2020-2021\students\edeherdt\exam\source\tempfiles\release\directx.tlog\cl.write.1.tlog
d:\school\howest\2de_jaar\graphics_programming\2020-2021\students\edeherdt\exam\source\tempfiles\release\directx.tlog\directx.write.1u.tlog
d:\school\howest\2de_jaar\graphics_programming\2020-2021\students\edeherdt\exam\source\tempfiles\release\directx.tlog\link.command.1.tlog
d:\school\howest\2de_jaar\graphics_programming\2020-2021\students\edeherdt\exam\source\tempfiles\release\directx.tlog\link.read.1.tlog
d:\school\howest\2de_jaar\graphics_programming\2020-2021\students\edeherdt\exam\source\tempfiles\release\directx.tlog\link.write.1.tlog
