  pch.cpp
  BaseEffect.cpp
  Camera.cpp
  CameraManager.cpp
  EffectManager.cpp
  FlatEffect.cpp
  MaterialEffect.cpp
  ERenderer.cpp
  ETimer.cpp
  main.cpp
  Mesh.cpp
  ObjParser.cpp
  SceneGraph.cpp
  Texture.cpp
  Generating code
  Previous IPDB not found, fall back to full compilation.
  All 1849 functions were compiled because no usable IPDB/IOBJ from previous compilation was found.
  Finished generating code
dx11effects.lib(d3dxGlobal.obj) : warning LNK4099: PDB 'Effects11.pdb' was not found with 'dx11effects.lib(d3dxGlobal.obj)' or at 'D:\School\Howest\2de_jaar\Graphics_Programming\2020-2021\Students\edeherdt\Exam\bin\Release\Effects11.pdb'; linking object as if no debug info
dx11effects.lib(EffectAPI.obj) : warning LNK4099: PDB 'Effects11.pdb' was not found with 'dx11effects.lib(EffectAPI.obj)' or at 'D:\School\Howest\2de_jaar\Graphics_Programming\2020-2021\Students\edeherdt\Exam\bin\Release\Effects11.pdb'; linking object as if no debug info
dx11effects.lib(EffectLoad.obj) : warning LNK4099: PDB 'Effects11.pdb' was not found with 'dx11effects.lib(EffectLoad.obj)' or at 'D:\School\Howest\2de_jaar\Graphics_Programming\2020-2021\Students\edeherdt\Exam\bin\Release\Effects11.pdb'; linking object as if no debug info
dx11effects.lib(EffectNonRuntime.obj) : warning LNK4099: PDB 'Effects11.pdb' was not found with 'dx11effects.lib(EffectNonRuntime.obj)' or at 'D:\School\Howest\2de_jaar\Graphics_Programming\2020-2021\Students\edeherdt\Exam\bin\Release\Effects11.pdb'; linking object as if no debug info
dx11effects.lib(EffectReflection.obj) : warning LNK4099: PDB 'Effects11.pdb' was not found with 'dx11effects.lib(EffectReflection.obj)' or at 'D:\School\Howest\2de_jaar\Graphics_Programming\2020-2021\Students\edeherdt\Exam\bin\Release\Effects11.pdb'; linking object as if no debug info
dx11effects.lib(EffectRuntime.obj) : warning LNK4099: PDB 'Effects11.pdb' was not found with 'dx11effects.lib(EffectRuntime.obj)' or at 'D:\School\Howest\2de_jaar\Graphics_Programming\2020-2021\Students\edeherdt\Exam\bin\Release\Effects11.pdb'; linking object as if no debug info
  directx.vcxproj -> D:\School\Howest\2de_jaar\Graphics_Programming\2020-2021\Students\edeherdt\Exam\bin\Release\directx.exe
  0 File(s) copied
  0 File(s) copied
  0 File(s) copied
  0 File(s) copied
  0 File(s) copied
  0 File(s) copied
  0 File(s) copied
